============================= test session starts ==============================
platform linux -- Python 3.13.5, pytest-9.0.3, pluggy-1.6.0 -- /usr/bin/python3
cachedir: .pytest_cache
rootdir: /data/.openclaw/workspace
plugins: anyio-4.13.0, asyncio-1.3.0
asyncio: mode=Mode.STRICT, debug=False, asyncio_default_fixture_loop_scope=None, asyncio_default_test_loop_scope=function
collecting ... collected 27 items

tests/test_deterministic_brain.py::TestDeterministicBrain::test_compute_hash_consistent PASSED [  3%]
tests/test_deterministic_brain.py::TestDeterministicBrain::test_compute_hash_different PASSED [  7%]
tests/test_deterministic_brain.py::TestDeterministicBrain::test_compute_hash_content_matters PASSED [ 11%]
tests/test_deterministic_brain.py::TestDeterministicBrain::test_compute_hash_frontmatter_matters PASSED [ 14%]
tests/test_deterministic_brain.py::TestDeterministicBrain::test_compute_family_hash_consistent PASSED [ 18%]
tests/test_deterministic_brain.py::TestDeterministicBrain::test_compute_family_hash_different PASSED [ 22%]
tests/test_deterministic_brain.py::TestDeterministicBrain::test_store_and_get_hash PASSED [ 25%]
tests/test_deterministic_brain.py::TestDeterministicBrain::test_get_hash_missing PASSED [ 29%]
tests/test_deterministic_brain.py::TestDeterministicBrain::test_store_overwrites PASSED [ 33%]
tests/test_deterministic_brain.py::TestDeterministicBrain::test_store_includes_family_and_audit PASSED [ 37%]
tests/test_deterministic_brain.py::TestDeterministicBrain::test_verify_valid_content PASSED [ 40%]
tests/test_deterministic_brain.py::TestDeterministicBrain::test_verify_tampered_content PASSED [ 44%]
tests/test_deterministic_brain.py::TestDeterministicBrain::test_verify_never_stored PASSED [ 48%]
tests/test_deterministic_brain.py::TestDeterministicBrain::test_intent_blocks_forbidden PASSED [ 51%]
tests/test_deterministic_brain.py::TestDeterministicBrain::test_intent_allows_read PASSED [ 55%]
tests/test_deterministic_brain.py::TestDeterministicBrain::test_intent_blocks_mutate_without_domain PASSED [ 59%]
tests/test_deterministic_brain.py::TestDeterministicBrain::test_intent_allows_in_list PASSED [ 62%]
tests/test_deterministic_brain.py::TestDeterministicBrain::test_intent_blocks_not_in_list PASSED [ 66%]
tests/test_deterministic_brain.py::TestDeterministicBrain::test_intent_blocks_by_forbidden_list PASSED [ 70%]
tests/test_deterministic_brain.py::TestDeterministicBrain::test_intent_checks_required_fields PASSED [ 74%]
tests/test_deterministic_brain.py::TestDeterministicBrain::test_unknown_command_rejected PASSED [ 77%]
tests/test_deterministic_brain.py::TestDeterministicBrain::test_valid_command_checks_intent PASSED [ 81%]
tests/test_deterministic_brain.py::TestDeterministicBrain::test_audit_entry_format PASSED [ 85%]
tests/test_deterministic_brain.py::TestDeterministicBrain::test_audit_id_unique PASSED [ 88%]
tests/test_deterministic_brain.py::TestDeterministicBrain::test_create_intent_file PASSED [ 92%]
tests/test_deterministic_brain.py::TestDeterministicBrain::test_create_intent_parsed_back PASSED [ 96%]
tests/test_deterministic_brain.py::TestLiveGBrainIntegration::test_live_put_and_get PASSED [100%]

============================== 27 passed in 2.94s ==============================
